<?xml version="1.0" encoding="UTF-8"?>
<testsuite name="testSuite.WhenDoTest" tests="1" skipped="0" failures="0" errors="0" timestamp="2022-12-03T21:36:25" hostname="LAPTOP-8JRM8VRK" time="28.967">
  <properties/>
  <testcase name="verifyCreateTask()" classname="testSuite.WhenDoTest" time="28.967"/>
  <system-out><![CDATA[]]></system-out>
  <system-err><![CDATA[dic 03, 2022 3:36:48 P. M. io.appium.java_client.remote.AppiumCommandExecutor$1 lambda$0
INFO: Detected dialect: OSS
]]></system-err>
</testsuite>
